<?xml version="1.0" encoding="UTF-8"?>
<testsuite xmlns:xsi="http://www.w3.org/2001/XMLSchema-instance" xsi:noNamespaceSchemaLocation="https://maven.apache.org/surefire/maven-surefire-plugin/xsd/surefire-test-report-3.0.xsd" version="3.0" name="com.EurekaServerApplicationTests" time="10.72" tests="1" errors="0" skipped="0" failures="0">
  <properties>
[...]
</properties>
  <testcase name="contextLoads" classname="com.EurekaServerApplicationTests" time="1.224">
    <system-out><![CDATA[19:42:27.562 [main] INFO org.springframework.test.context.support.AnnotationConfigContextLoaderUtils -- Could not detect default configuration classes for test class [com.EurekaServerApplicationTests]: EurekaServerApplicationTests does not declare any static, non-private, non-final, nested classes annotated with @Configuration.
19:42:27.722 [main] INFO org.springframework.boot.test.context.SpringBootTestContextBootstrapper -- Found @SpringBootConfiguration com.EurekaServerApplication for test class com.EurekaServerApplicationTests

  .   ____          _            __ _ _
 /\\ / ___'_ __ _ _(_)_ __  __ _ \ \ \ \
( ( )\___ | '_ | '_| | '_ \/ _` | \ \ \ \
 \\/  ___)| |_)| | | | | || (_| |  ) ) ) )
  '  |____| .__|_| |_|_| |_\__, | / / / /
 =========|_|==============|___/=/_/_/_/
 :: Spring Boot ::                (v3.1.9)

2024-03-25T19:42:28.561+05:30  INFO 3948 --- [           main] com.EurekaServerApplicationTests         : Starting EurekaServerApplicationTests using Java 17.0.9 with PID 3948 (started by akash in D:\2023 Learning\Docker Compose\Capstone Project\backend\Eureka-Server\Eureka-Server)
2024-03-25T19:42:28.563+05:30  INFO 3948 --- [           main] com.EurekaServerApplicationTests         : No active profile set, falling back to 1 default profile: "default"
2024-03-25T19:42:32.641+05:30  INFO 3948 --- [           main] o.s.cloud.context.scope.GenericScope     : BeanFactory id=658a9fa3-cab4-34cc-bb80-c31143560392
2024-03-25T19:42:35.315+05:30  WARN 3948 --- [           main] iguration$LoadBalancerCaffeineWarnLogger : Spring Cloud LoadBalancer is currently working with the default cache. While this cache implementation is useful for development and tests, it's recommended to use Caffeine cache in production.You can switch to using Caffeine cache, by adding it and org.springframework.cache.caffeine.CaffeineCacheManager to the classpath.
2024-03-25T19:42:35.714+05:30  INFO 3948 --- [           main] o.s.c.n.eureka.InstanceInfoFactory       : Setting initial instance status as: STARTING
2024-03-25T19:42:35.774+05:30  INFO 3948 --- [           main] com.netflix.discovery.DiscoveryClient    : Initializing Eureka in region us-east-1
2024-03-25T19:42:35.778+05:30  INFO 3948 --- [           main] com.netflix.discovery.DiscoveryClient    : Client configured to neither register nor query for data.
2024-03-25T19:42:35.795+05:30  INFO 3948 --- [           main] com.netflix.discovery.DiscoveryClient    : Discovery Client initialized at timestamp 1711375955792 with initial instances count: 0
2024-03-25T19:42:35.922+05:30  INFO 3948 --- [           main] c.n.eureka.DefaultEurekaServerContext    : Initializing ...
2024-03-25T19:42:35.931+05:30  INFO 3948 --- [           main] c.n.eureka.cluster.PeerEurekaNodes       : Adding new peer nodes [http://localhost:8761/eureka/]
2024-03-25T19:42:36.315+05:30  INFO 3948 --- [           main] c.n.d.provider.DiscoveryJerseyProvider   : Using JSON encoding codec LegacyJacksonJson
2024-03-25T19:42:36.315+05:30  INFO 3948 --- [           main] c.n.d.provider.DiscoveryJerseyProvider   : Using JSON decoding codec LegacyJacksonJson
2024-03-25T19:42:36.316+05:30  INFO 3948 --- [           main] c.n.d.provider.DiscoveryJerseyProvider   : Using XML encoding codec XStreamXml
2024-03-25T19:42:36.316+05:30  INFO 3948 --- [           main] c.n.d.provider.DiscoveryJerseyProvider   : Using XML decoding codec XStreamXml
2024-03-25T19:42:36.494+05:30  INFO 3948 --- [           main] c.n.eureka.cluster.PeerEurekaNodes       : Replica node URL:  http://localhost:8761/eureka/
2024-03-25T19:42:36.504+05:30  INFO 3948 --- [           main] c.n.e.registry.AbstractInstanceRegistry  : Finished initializing remote region registries. All known remote regions: []
2024-03-25T19:42:36.505+05:30  INFO 3948 --- [           main] c.n.eureka.DefaultEurekaServerContext    : Initialized
2024-03-25T19:42:36.646+05:30  INFO 3948 --- [           main] o.s.b.a.e.web.EndpointLinksResolver      : Exposing 1 endpoint(s) beneath base path '/actuator'
2024-03-25T19:42:36.726+05:30  INFO 3948 --- [           main] o.s.c.n.e.s.EurekaServiceRegistry        : Registering application EUREKA-SERVER with eureka with status UP
2024-03-25T19:42:36.763+05:30  INFO 3948 --- [           main] com.EurekaServerApplicationTests         : Started EurekaServerApplicationTests in 8.659 seconds (process running for 10.061)
2024-03-25T19:42:36.773+05:30  INFO 3948 --- [      Thread-10] o.s.c.n.e.server.EurekaServerBootstrap   : isAws returned false
2024-03-25T19:42:36.774+05:30  INFO 3948 --- [      Thread-10] o.s.c.n.e.server.EurekaServerBootstrap   : Initialized server context
2024-03-25T19:42:36.774+05:30  INFO 3948 --- [      Thread-10] c.n.e.r.PeerAwareInstanceRegistryImpl    : Got 1 instances from neighboring DS node
2024-03-25T19:42:36.774+05:30  INFO 3948 --- [      Thread-10] c.n.e.r.PeerAwareInstanceRegistryImpl    : Renew threshold is: 1
2024-03-25T19:42:36.774+05:30  INFO 3948 --- [      Thread-10] c.n.e.r.PeerAwareInstanceRegistryImpl    : Changing status to UP
2024-03-25T19:42:36.794+05:30  INFO 3948 --- [      Thread-10] e.s.EurekaServerInitializerConfiguration : Started Eureka Server
]]></system-out>
  </testcase>
</testsuite>